dataset_size = 256.00 MB    numObjs = 2097152    numCoords = 16    numClusters = 16
        nloops =  10   (total = 13.8660s)  (per loop =  1.3866s)
Final cluster centers:
clusters[0] = 3.006186 6.890889 6.331080 2.558341 6.059144 6.108918 6.168767 7.010048 5.605467 4.657543 5.221561 4.848780 5.448880 3.566040 5.288428 3.512638 
clusters[1] = 4.991794 4.609618 5.319336 4.841991 2.556239 6.693753 5.002134 3.447085 7.541773 4.837902 3.785085 6.786739 4.658175 5.657389 4.236115 2.884158 

1 MPI Processes | Time Spent : 13.8727 sec
dataset_size = 256.00 MB    numObjs = 2097152    numCoords = 16    numClusters = 16
        nloops =  10   (total =  6.9405s)  (per loop =  0.6940s)
Final cluster centers:
clusters[0] = 3.006186 6.890889 6.331080 2.558341 6.059144 6.108918 6.168767 7.010048 5.605467 4.657543 5.221561 4.848780 5.448880 3.566040 5.288428 3.512638 
clusters[1] = 4.991794 4.609618 5.319336 4.841991 2.556239 6.693753 5.002134 3.447085 7.541773 4.837902 3.785085 6.786739 4.658175 5.657389 4.236115 2.884158 

2 MPI Processes | Time Spent :  6.9448 sec
dataset_size = 256.00 MB    numObjs = 2097152    numCoords = 16    numClusters = 16
        nloops =  10   (total =  3.4707s)  (per loop =  0.3471s)
Final cluster centers:
clusters[0] = 3.006186 6.890889 6.331080 2.558341 6.059144 6.108918 6.168767 7.010048 5.605467 4.657543 5.221561 4.848780 5.448880 3.566040 5.288428 3.512638 
clusters[1] = 4.991794 4.609618 5.319336 4.841991 2.556239 6.693753 5.002134 3.447085 7.541773 4.837902 3.785085 6.786739 4.658175 5.657389 4.236115 2.884158 

4 MPI Processes | Time Spent :  3.4729 sec
dataset_size = 256.00 MB    numObjs = 2097152    numCoords = 16    numClusters = 16
        nloops =  10   (total =  1.7413s)  (per loop =  0.1741s)
Final cluster centers:
clusters[0] = 3.006186 6.890889 6.331080 2.558341 6.059144 6.108918 6.168767 7.010048 5.605467 4.657543 5.221561 4.848780 5.448880 3.566040 5.288428 3.512638 
clusters[1] = 4.991794 4.609618 5.319336 4.841991 2.556239 6.693753 5.002134 3.447085 7.541773 4.837902 3.785085 6.786739 4.658175 5.657389 4.236115 2.884158 

8 MPI Processes | Time Spent :  1.7428 sec
dataset_size = 256.00 MB    numObjs = 2097152    numCoords = 16    numClusters = 16
        nloops =  10   (total =  0.8832s)  (per loop =  0.0883s)
Final cluster centers:
clusters[0] = 3.006186 6.890889 6.331080 2.558341 6.059144 6.108918 6.168767 7.010048 5.605467 4.657543 5.221561 4.848780 5.448880 3.566040 5.288428 3.512638 
clusters[1] = 4.991794 4.609618 5.319336 4.841991 2.556239 6.693753 5.002134 3.447085 7.541773 4.837902 3.785085 6.786739 4.658175 5.657389 4.236115 2.884158 

16 MPI Processes | Time Spent :  0.8837 sec
dataset_size = 256.00 MB    numObjs = 2097152    numCoords = 16    numClusters = 16
        nloops =  10   (total =  0.4652s)  (per loop =  0.0465s)
Final cluster centers:
clusters[0] = 3.006186 6.890889 6.331080 2.558341 6.059144 6.108918 6.168767 7.010048 5.605467 4.657543 5.221561 4.848780 5.448880 3.566040 5.288428 3.512638 
clusters[1] = 4.991794 4.609618 5.319336 4.841991 2.556239 6.693753 5.002134 3.447085 7.541773 4.837902 3.785085 6.786739 4.658175 5.657389 4.236115 2.884158 

32 MPI Processes | Time Spent :  0.4655 sec
dataset_size = 256.00 MB    numObjs = 2097152    numCoords = 16    numClusters = 16
        nloops =  10   (total =  0.2465s)  (per loop =  0.0247s)
Final cluster centers:
clusters[0] = 3.006186 6.890889 6.331080 2.558341 6.059144 6.108918 6.168767 7.010048 5.605467 4.657543 5.221561 4.848780 5.448880 3.566040 5.288428 3.512638 
clusters[1] = 4.991794 4.609618 5.319336 4.841991 2.556239 6.693753 5.002134 3.447085 7.541773 4.837902 3.785085 6.786739 4.658175 5.657389 4.236115 2.884158 

64 MPI Processes | Time Spent :  0.2467 sec
