
~~~~~~~~~~~~~~~~~~~~~~~~~~~~~~~~~~~~~~~~~~~~~~~~~~~~~~~~~~~~~~~~~~~~~~~~~~~~~~~~

dataset_size = 256.00 MB    numObjs = 2097152    numCoords = 16    numClusters = 16
Initial cluster centers:
clusters[0] =   0.00   8.00   8.35   1.07   7.63   6.35   4.28  10.00   6.72   3.34   2.51   5.59   2.44   3.35   5.44   2.78
clusters[1] =   1.06   3.44   4.49   5.51   1.72   6.81   2.74   0.34   9.66   5.11   3.94   8.26   0.26   8.72   2.65   0.79
clusters[2] =   1.09   5.65   8.40   5.51   1.24   2.93   6.59   1.55   0.63   7.55   5.17   7.26   1.66   8.13   1.58   5.64
clusters[3] =   2.19   3.31   8.45   9.95   4.84   9.53   8.89   3.10   4.54   1.75   7.82   8.93   0.88   2.90   7.73   8.51
clusters[4] =   2.22   5.52   2.35   9.95   4.36   5.66   2.74   4.31   5.50   4.19   9.05   7.92   2.28   2.31   6.67   3.35
clusters[5] =   3.28   0.97   8.50   4.40   8.45   6.13   1.20   4.66   8.45   5.95   0.48   0.60   0.11   7.68   3.88   1.37
clusters[6] =   3.32   3.19   2.41   4.40   7.96   2.26   5.05   5.86   9.41   8.38   1.70   9.59   1.50   7.08   2.82   6.21
clusters[7] =   4.40   0.84   2.46   8.84   1.56   8.85   7.35   7.42   3.32   2.59   4.35   1.26   0.73   1.86   8.96   9.07
clusters[8] =   4.43   3.06   6.37   8.84   1.07   4.98   1.20   8.62   4.28   5.03   5.57   0.26   2.12   1.26   7.90   3.92
clusters[9] =   5.53   0.72   6.42   3.29   4.68   1.58   3.51   0.18   8.19   9.23   8.23   1.93   1.34   6.04   4.04   6.79
clusters[10] =   6.62   8.38   6.47   7.73   8.29   8.17   5.81   1.73   2.10   3.43   0.88   3.60   0.57   0.81   0.19   9.65
clusters[11] =   6.66   0.59   0.38   7.73   7.80   4.30   9.67   2.93   3.07   5.87   2.11   2.59   1.97   0.22   9.12   4.50
clusters[12] =   7.75   8.25   0.42   2.18   1.40   0.90   1.97   4.48   6.97   0.07   4.76   4.26   1.19   4.99   5.27   7.36
clusters[13] =   8.84   5.90   0.48   6.62   5.01   7.49   4.28   6.03   0.88   4.27   7.41   5.93   0.41   9.77   1.42   0.22
clusters[14] =   8.87   8.12   4.39   6.62   4.52   3.62   8.13   7.24   1.85   6.71   8.63   4.92   1.81   9.17   0.35   5.07
clusters[15] =   9.97   5.78   4.44   1.06   8.12   0.21   0.43   8.79   5.76   0.90   1.29   6.59   1.04   3.95   6.50   7.93

Sequential Kmeans
	completed loop 1	completed loop 2	completed loop 3	completed loop 4	completed loop 5	completed loop 6	completed loop 7	completed loop 8	completed loop 9	completed loop 10
        nloops =  10   (total =  7.7054s)  (per loop =  0.7705s)

Final cluster centers:
clusters[0] =   3.01   6.89   6.33   2.56   6.06   6.11   6.17   7.01   5.61   4.66   5.22   4.85   5.45   3.57   5.29   3.51 
clusters[1] =   4.99   4.61   5.32   4.84   2.56   6.69   5.00   3.45   7.54   4.84   3.79   6.79   4.66   5.66   4.24   2.88 
clusters[2] =   2.88   5.44   6.52   4.35   3.18   3.39   5.45   3.40   2.40   5.89   4.31   6.13   5.12   6.43   4.36   5.31 
clusters[3] =   5.26   3.93   7.05   6.52   5.50   6.38   6.94   3.97   5.44   3.48   6.74   6.92   4.77   5.03   6.57   6.53 
clusters[4] =   3.09   6.29   3.01   7.09   5.99   4.53   3.22   4.43   5.11   5.03   7.23   6.40   5.43   3.66   5.74   4.32 
clusters[5] =   4.01   4.00   6.36   6.17   7.33   5.19   3.73   4.77   6.00   4.32   3.48   2.74   4.70   7.30   5.13   3.64 
clusters[6] =   4.17   4.10   3.14   5.21   6.14   3.89   5.47   6.52   6.92   6.84   3.26   7.08   4.97   5.71   3.85   6.54 
clusters[7] =   3.70   3.43   3.01   5.08   3.35   6.84   6.28   6.74   4.12   4.17   4.75   3.27   4.74   5.19   5.62   7.09 
clusters[8] =   5.49   4.30   6.68   6.78   2.56   4.50   3.07   6.98   4.72   5.92   4.91   3.54   5.18   3.26   5.65   3.84 
clusters[9] =   5.35   3.22   5.68   2.98   5.38   4.38   4.30   3.17   6.42   6.87   7.39   3.32   5.13   4.48   4.59   6.28 
clusters[10] =   5.95   6.91   5.52   5.98   6.10   6.87   4.52   3.30   4.12   5.08   3.30   4.11   4.81   3.19   3.12   6.90 
clusters[11] =   6.08   3.91   3.31   5.22   6.05   3.81   7.26   3.53   3.78   5.55   3.56   4.23   5.36   3.36   6.46   2.98 
clusters[12] =   5.92   7.17   3.12   3.63   3.15   3.16   4.40   3.98   6.44   3.01   4.80   3.77   5.01   5.56   5.71   5.99 
clusters[13] =   6.55   4.44   3.09   3.81   5.30   6.95   3.71   5.29   2.76   4.67   6.32   5.88   4.55   6.58   3.94   3.14 
clusters[14] =   6.95   6.92   5.63   6.34   5.05   3.88   7.19   6.88   4.87   6.02   6.86   4.28   5.27   6.57   3.74   4.84 
clusters[15] =   6.81   4.33   6.34   3.51   6.37   3.38   3.16   6.62   3.93   3.55   4.00   6.86   4.83   4.47   6.05   6.29 
