
~~~~~~~~~~~~~~~~~~~~~~~~~~~~~~~~~~~~~~~~~~~~~~~~~~~~~~~~~~~~~~~~~~~~~~~~~~~~~~~~

dataset_size = 256.00 MB    numObjs = 16777216    numCoords = 2    numClusters = 16
Initial cluster centers:
clusters[0] =   0.00   8.00
clusters[1] =   1.06   3.44
clusters[2] =   1.09   5.65
clusters[3] =   2.19   3.31
clusters[4] =   2.22   5.52
clusters[5] =   3.28   0.97
clusters[6] =   3.32   3.19
clusters[7] =   4.40   0.84
clusters[8] =   4.43   3.06
clusters[9] =   5.53   0.72
clusters[10] =   6.62   8.38
clusters[11] =   6.66   0.59
clusters[12] =   7.75   8.25
clusters[13] =   8.84   5.90
clusters[14] =   8.87   8.12
clusters[15] =   9.97   5.78


|-------------Sequential Kmeans-------------|

t_alloc: 45.244932 ms

nloops = 10  : total = 7729.655027 ms
	-> t_loop_avg = 772.965503 ms
	-> t_loop_min = 764.606953 ms
	-> t_loop_max = 798.403025 ms

|-------------------------------------------|

Final cluster centers:
clusters[0] =   1.53   8.73 
clusters[1] =   0.78   3.14 
clusters[2] =   1.17   6.17 
clusters[3] =   2.29   4.01 
clusters[4] =   3.99   6.31 
clusters[5] =   1.42   1.05 
clusters[6] =   4.20   3.59 
clusters[7] =   3.90   1.20 
clusters[8] =   6.32   4.02 
clusters[9] =   6.39   1.35 
clusters[10] =   4.42   8.73 
clusters[11] =   8.79   1.46 
clusters[12] =   6.94   8.86 
clusters[13] =   7.04   6.37 
clusters[14] =   9.09   8.15 
clusters[15] =   8.89   4.44 

~~~~~~~~~~~~~~~~~~~~~~~~~~~~~~~~~~~~~~~~~~~~~~~~~~~~~~~~~~~~~~~~~~~~~~~~~~~~~~~~

dataset_size = 256.00 MB    numObjs = 16777216    numCoords = 2    numClusters = 16, block_size = 32


|-------------Naive GPU Kmeans--------------|

t_alloc: 45.135975 ms

t_alloc_gpu: 226.806164 ms

t_get_gpu: 89.786053 ms

nloops = 10  : total = 1139.050007 ms
	-> t_loop_avg = 113.905001 ms
	-> t_loop_min = 103.065014 ms
	-> t_loop_max = 193.360806 ms

|-------------------------------------------|

Final cluster centers:
clusters[0] =   1.53   8.73 
clusters[1] =   0.78   3.14 
clusters[2] =   1.17   6.17 
clusters[3] =   2.29   4.01 
clusters[4] =   3.99   6.31 
clusters[5] =   1.42   1.05 
clusters[6] =   4.20   3.59 
clusters[7] =   3.90   1.20 
clusters[8] =   6.32   4.02 
clusters[9] =   6.39   1.35 
clusters[10] =   4.42   8.73 
clusters[11] =   8.79   1.46 
clusters[12] =   6.94   8.86 
clusters[13] =   7.04   6.37 
clusters[14] =   9.09   8.15 
clusters[15] =   8.89   4.44 

~~~~~~~~~~~~~~~~~~~~~~~~~~~~~~~~~~~~~~~~~~~~~~~~~~~~~~~~~~~~~~~~~~~~~~~~~~~~~~~~

dataset_size = 256.00 MB    numObjs = 16777216    numCoords = 2    numClusters = 16, block_size = 64


|-------------Naive GPU Kmeans--------------|

t_alloc: 45.102835 ms

t_alloc_gpu: 127.497196 ms

t_get_gpu: 74.788809 ms

nloops = 10  : total = 1092.782974 ms
	-> t_loop_avg = 109.278297 ms
	-> t_loop_min = 98.104954 ms
	-> t_loop_max = 188.318968 ms

|-------------------------------------------|

Final cluster centers:
clusters[0] =   1.53   8.73 
clusters[1] =   0.78   3.14 
clusters[2] =   1.17   6.17 
clusters[3] =   2.29   4.01 
clusters[4] =   3.99   6.31 
clusters[5] =   1.42   1.05 
clusters[6] =   4.20   3.59 
clusters[7] =   3.90   1.20 
clusters[8] =   6.32   4.02 
clusters[9] =   6.39   1.35 
clusters[10] =   4.42   8.73 
clusters[11] =   8.79   1.46 
clusters[12] =   6.94   8.86 
clusters[13] =   7.04   6.37 
clusters[14] =   9.09   8.15 
clusters[15] =   8.89   4.44 

~~~~~~~~~~~~~~~~~~~~~~~~~~~~~~~~~~~~~~~~~~~~~~~~~~~~~~~~~~~~~~~~~~~~~~~~~~~~~~~~

dataset_size = 256.00 MB    numObjs = 16777216    numCoords = 2    numClusters = 16, block_size = 128


|-------------Naive GPU Kmeans--------------|

t_alloc: 45.221090 ms

t_alloc_gpu: 127.166986 ms

t_get_gpu: 75.292110 ms

nloops = 10  : total = 1099.473000 ms
	-> t_loop_avg = 109.947300 ms
	-> t_loop_min = 98.418951 ms
	-> t_loop_max = 188.468933 ms

|-------------------------------------------|

Final cluster centers:
clusters[0] =   1.53   8.73 
clusters[1] =   0.78   3.14 
clusters[2] =   1.17   6.17 
clusters[3] =   2.29   4.01 
clusters[4] =   3.99   6.31 
clusters[5] =   1.42   1.05 
clusters[6] =   4.20   3.59 
clusters[7] =   3.90   1.20 
clusters[8] =   6.32   4.02 
clusters[9] =   6.39   1.35 
clusters[10] =   4.42   8.73 
clusters[11] =   8.79   1.46 
clusters[12] =   6.94   8.86 
clusters[13] =   7.04   6.37 
clusters[14] =   9.09   8.15 
clusters[15] =   8.89   4.44 

~~~~~~~~~~~~~~~~~~~~~~~~~~~~~~~~~~~~~~~~~~~~~~~~~~~~~~~~~~~~~~~~~~~~~~~~~~~~~~~~

dataset_size = 256.00 MB    numObjs = 16777216    numCoords = 2    numClusters = 16, block_size = 256


|-------------Naive GPU Kmeans--------------|

t_alloc: 44.862032 ms

t_alloc_gpu: 127.074957 ms

t_get_gpu: 74.986935 ms

nloops = 10  : total = 1087.526083 ms
	-> t_loop_avg = 108.752608 ms
	-> t_loop_min = 97.726107 ms
	-> t_loop_max = 189.167023 ms

|-------------------------------------------|

Final cluster centers:
clusters[0] =   1.53   8.73 
clusters[1] =   0.78   3.14 
clusters[2] =   1.17   6.17 
clusters[3] =   2.29   4.01 
clusters[4] =   3.99   6.31 
clusters[5] =   1.42   1.05 
clusters[6] =   4.20   3.59 
clusters[7] =   3.90   1.20 
clusters[8] =   6.32   4.02 
clusters[9] =   6.39   1.35 
clusters[10] =   4.42   8.73 
clusters[11] =   8.79   1.46 
clusters[12] =   6.94   8.86 
clusters[13] =   7.04   6.37 
clusters[14] =   9.09   8.15 
clusters[15] =   8.89   4.44 

~~~~~~~~~~~~~~~~~~~~~~~~~~~~~~~~~~~~~~~~~~~~~~~~~~~~~~~~~~~~~~~~~~~~~~~~~~~~~~~~

dataset_size = 256.00 MB    numObjs = 16777216    numCoords = 2    numClusters = 16, block_size = 512


|-------------Naive GPU Kmeans--------------|

t_alloc: 44.990063 ms

t_alloc_gpu: 127.202034 ms

t_get_gpu: 75.043917 ms

nloops = 10  : total = 1062.446833 ms
	-> t_loop_avg = 106.244683 ms
	-> t_loop_min = 96.303940 ms
	-> t_loop_max = 171.876907 ms

|-------------------------------------------|

Final cluster centers:
clusters[0] =   1.53   8.73 
clusters[1] =   0.78   3.14 
clusters[2] =   1.17   6.17 
clusters[3] =   2.29   4.01 
clusters[4] =   3.99   6.31 
clusters[5] =   1.42   1.05 
clusters[6] =   4.20   3.59 
clusters[7] =   3.90   1.20 
clusters[8] =   6.32   4.02 
clusters[9] =   6.39   1.35 
clusters[10] =   4.42   8.73 
clusters[11] =   8.79   1.46 
clusters[12] =   6.94   8.86 
clusters[13] =   7.04   6.37 
clusters[14] =   9.09   8.15 
clusters[15] =   8.89   4.44 

~~~~~~~~~~~~~~~~~~~~~~~~~~~~~~~~~~~~~~~~~~~~~~~~~~~~~~~~~~~~~~~~~~~~~~~~~~~~~~~~

dataset_size = 256.00 MB    numObjs = 16777216    numCoords = 2    numClusters = 16, block_size = 1024


|-------------Naive GPU Kmeans--------------|

t_alloc: 44.807911 ms

t_alloc_gpu: 145.232916 ms

t_get_gpu: 77.829123 ms

nloops = 10  : total = 1097.718000 ms
	-> t_loop_avg = 109.771800 ms
	-> t_loop_min = 97.828865 ms
	-> t_loop_max = 182.568789 ms

|-------------------------------------------|

Final cluster centers:
clusters[0] =   1.53   8.73 
clusters[1] =   0.78   3.14 
clusters[2] =   1.17   6.17 
clusters[3] =   2.29   4.01 
clusters[4] =   3.99   6.31 
clusters[5] =   1.42   1.05 
clusters[6] =   4.20   3.59 
clusters[7] =   3.90   1.20 
clusters[8] =   6.32   4.02 
clusters[9] =   6.39   1.35 
clusters[10] =   4.42   8.73 
clusters[11] =   8.79   1.46 
clusters[12] =   6.94   8.86 
clusters[13] =   7.04   6.37 
clusters[14] =   9.09   8.15 
clusters[15] =   8.89   4.44 

~~~~~~~~~~~~~~~~~~~~~~~~~~~~~~~~~~~~~~~~~~~~~~~~~~~~~~~~~~~~~~~~~~~~~~~~~~~~~~~~

dataset_size = 256.00 MB    numObjs = 16777216    numCoords = 2    numClusters = 16, block_size = 32


|-----------Transpose GPU Kmeans------------|

t_alloc: 247.324944 ms

t_alloc_gpu: 132.405996 ms

t_get_gpu: 74.867964 ms

nloops = 10  : total = 1001.301050 ms
	-> t_loop_avg = 100.130105 ms
	-> t_loop_min = 98.579884 ms
	-> t_loop_max = 109.307051 ms

|-------------------------------------------|

Final cluster centers:
clusters[0] =   1.53   8.73 
clusters[1] =   3.99   6.31 
clusters[2] =   6.32   4.02 
clusters[3] =   8.79   1.46 
clusters[4] =   9.09   8.15 
clusters[5] =   1.17   6.17 
clusters[6] =   4.20   3.59 
clusters[7] =   6.39   1.35 
clusters[8] =   6.94   8.86 
clusters[9] =   8.89   4.44 
clusters[10] =   2.29   4.01 
clusters[11] =   3.90   1.20 
clusters[12] =   4.42   8.73 
clusters[13] =   7.04   6.37 
clusters[14] =   0.78   3.14 
clusters[15] =   1.42   1.05 

~~~~~~~~~~~~~~~~~~~~~~~~~~~~~~~~~~~~~~~~~~~~~~~~~~~~~~~~~~~~~~~~~~~~~~~~~~~~~~~~

dataset_size = 256.00 MB    numObjs = 16777216    numCoords = 2    numClusters = 16, block_size = 64


|-----------Transpose GPU Kmeans------------|

t_alloc: 250.063181 ms

t_alloc_gpu: 127.449989 ms

t_get_gpu: 76.148033 ms

nloops = 10  : total = 987.928867 ms
	-> t_loop_avg = 98.792887 ms
	-> t_loop_min = 96.776962 ms
	-> t_loop_max = 108.362913 ms

|-------------------------------------------|

Final cluster centers:
clusters[0] =   1.53   8.73 
clusters[1] =   3.99   6.31 
clusters[2] =   6.32   4.02 
clusters[3] =   8.79   1.46 
clusters[4] =   9.09   8.15 
clusters[5] =   1.17   6.17 
clusters[6] =   4.20   3.59 
clusters[7] =   6.39   1.35 
clusters[8] =   6.94   8.86 
clusters[9] =   8.89   4.44 
clusters[10] =   2.29   4.01 
clusters[11] =   3.90   1.20 
clusters[12] =   4.42   8.73 
clusters[13] =   7.04   6.37 
clusters[14] =   0.78   3.14 
clusters[15] =   1.42   1.05 

~~~~~~~~~~~~~~~~~~~~~~~~~~~~~~~~~~~~~~~~~~~~~~~~~~~~~~~~~~~~~~~~~~~~~~~~~~~~~~~~

dataset_size = 256.00 MB    numObjs = 16777216    numCoords = 2    numClusters = 16, block_size = 128


|-----------Transpose GPU Kmeans------------|

t_alloc: 248.346806 ms

t_alloc_gpu: 127.152920 ms

t_get_gpu: 74.979067 ms

nloops = 10  : total = 975.363970 ms
	-> t_loop_avg = 97.536397 ms
	-> t_loop_min = 95.667839 ms
	-> t_loop_max = 107.877016 ms

|-------------------------------------------|

Final cluster centers:
clusters[0] =   1.53   8.73 
clusters[1] =   3.99   6.31 
clusters[2] =   6.32   4.02 
clusters[3] =   8.79   1.46 
clusters[4] =   9.09   8.15 
clusters[5] =   1.17   6.17 
clusters[6] =   4.20   3.59 
clusters[7] =   6.39   1.35 
clusters[8] =   6.94   8.86 
clusters[9] =   8.89   4.44 
clusters[10] =   2.29   4.01 
clusters[11] =   3.90   1.20 
clusters[12] =   4.42   8.73 
clusters[13] =   7.04   6.37 
clusters[14] =   0.78   3.14 
clusters[15] =   1.42   1.05 

~~~~~~~~~~~~~~~~~~~~~~~~~~~~~~~~~~~~~~~~~~~~~~~~~~~~~~~~~~~~~~~~~~~~~~~~~~~~~~~~

dataset_size = 256.00 MB    numObjs = 16777216    numCoords = 2    numClusters = 16, block_size = 256


|-----------Transpose GPU Kmeans------------|

t_alloc: 251.430988 ms

t_alloc_gpu: 102.826834 ms

t_get_gpu: 76.294184 ms

nloops = 10  : total = 976.762056 ms
	-> t_loop_avg = 97.676206 ms
	-> t_loop_min = 95.788956 ms
	-> t_loop_max = 107.362032 ms

|-------------------------------------------|

Final cluster centers:
clusters[0] =   1.53   8.73 
clusters[1] =   3.99   6.31 
clusters[2] =   6.32   4.02 
clusters[3] =   8.79   1.46 
clusters[4] =   9.09   8.15 
clusters[5] =   1.17   6.17 
clusters[6] =   4.20   3.59 
clusters[7] =   6.39   1.35 
clusters[8] =   6.94   8.86 
clusters[9] =   8.89   4.44 
clusters[10] =   2.29   4.01 
clusters[11] =   3.90   1.20 
clusters[12] =   4.42   8.73 
clusters[13] =   7.04   6.37 
clusters[14] =   0.78   3.14 
clusters[15] =   1.42   1.05 

~~~~~~~~~~~~~~~~~~~~~~~~~~~~~~~~~~~~~~~~~~~~~~~~~~~~~~~~~~~~~~~~~~~~~~~~~~~~~~~~

dataset_size = 256.00 MB    numObjs = 16777216    numCoords = 2    numClusters = 16, block_size = 512


|-----------Transpose GPU Kmeans------------|

t_alloc: 247.081041 ms

t_alloc_gpu: 127.770185 ms

t_get_gpu: 74.764013 ms

nloops = 10  : total = 959.615946 ms
	-> t_loop_avg = 95.961595 ms
	-> t_loop_min = 93.698978 ms
	-> t_loop_max = 106.138945 ms

|-------------------------------------------|

Final cluster centers:
clusters[0] =   1.53   8.73 
clusters[1] =   3.99   6.31 
clusters[2] =   6.32   4.02 
clusters[3] =   8.79   1.46 
clusters[4] =   9.09   8.15 
clusters[5] =   1.17   6.17 
clusters[6] =   4.20   3.59 
clusters[7] =   6.39   1.35 
clusters[8] =   6.94   8.86 
clusters[9] =   8.89   4.44 
clusters[10] =   2.29   4.01 
clusters[11] =   3.90   1.20 
clusters[12] =   4.42   8.73 
clusters[13] =   7.04   6.37 
clusters[14] =   0.78   3.14 
clusters[15] =   1.42   1.05 

~~~~~~~~~~~~~~~~~~~~~~~~~~~~~~~~~~~~~~~~~~~~~~~~~~~~~~~~~~~~~~~~~~~~~~~~~~~~~~~~

dataset_size = 256.00 MB    numObjs = 16777216    numCoords = 2    numClusters = 16, block_size = 1024


|-----------Transpose GPU Kmeans------------|

t_alloc: 247.240067 ms

t_alloc_gpu: 147.058964 ms

t_get_gpu: 75.616121 ms

nloops = 10  : total = 984.688044 ms
	-> t_loop_avg = 98.468804 ms
	-> t_loop_min = 96.956015 ms
	-> t_loop_max = 105.100870 ms

|-------------------------------------------|

Final cluster centers:
clusters[0] =   1.53   8.73 
clusters[1] =   3.99   6.31 
clusters[2] =   6.32   4.02 
clusters[3] =   8.79   1.46 
clusters[4] =   9.09   8.15 
clusters[5] =   1.17   6.17 
clusters[6] =   4.20   3.59 
clusters[7] =   6.39   1.35 
clusters[8] =   6.94   8.86 
clusters[9] =   8.89   4.44 
clusters[10] =   2.29   4.01 
clusters[11] =   3.90   1.20 
clusters[12] =   4.42   8.73 
clusters[13] =   7.04   6.37 
clusters[14] =   0.78   3.14 
clusters[15] =   1.42   1.05 

~~~~~~~~~~~~~~~~~~~~~~~~~~~~~~~~~~~~~~~~~~~~~~~~~~~~~~~~~~~~~~~~~~~~~~~~~~~~~~~~

dataset_size = 256.00 MB    numObjs = 16777216    numCoords = 2    numClusters = 16, block_size = 32


|-----------Shared GPU Kmeans------------|

t_alloc: 249.802113 ms

t_alloc_gpu: 130.832911 ms

t_get_gpu: 75.662136 ms

		CPU-GPU transfer : 0
		GPU part: 0		GPU-CPU transfer : 0
		CPU transfer : 0
		CPU-GPU transfer : 0
		GPU part: 0		GPU-CPU transfer : 0
		CPU transfer : 0
		CPU-GPU transfer : 0
		GPU part: 0		GPU-CPU transfer : 0
		CPU transfer : 0
		CPU-GPU transfer : 0
		GPU part: 0		GPU-CPU transfer : 0
		CPU transfer : 0
		CPU-GPU transfer : 0
		GPU part: 0		GPU-CPU transfer : 0
		CPU transfer : 0
		CPU-GPU transfer : 0
		GPU part: 0		GPU-CPU transfer : 0
		CPU transfer : 0
		CPU-GPU transfer : 0
		GPU part: 0		GPU-CPU transfer : 0
		CPU transfer : 0
		CPU-GPU transfer : 0
		GPU part: 0		GPU-CPU transfer : 0
		CPU transfer : 0
		CPU-GPU transfer : 0
		GPU part: 0		GPU-CPU transfer : 0
		CPU transfer : 0
		CPU-GPU transfer : 0
		GPU part: 0		GPU-CPU transfer : 0
		CPU transfer : 0
nloops = 10  : total = 852.231026 ms
	-> t_loop_avg = 85.223103 ms
	-> t_loop_min = 84.251881 ms
	-> t_loop_max = 91.112852 ms

|-------------------------------------------|

Final cluster centers:
clusters[0] =   1.53   8.73 
clusters[1] =   3.99   6.31 
clusters[2] =   6.32   4.02 
clusters[3] =   8.79   1.46 
clusters[4] =   9.09   8.15 
clusters[5] =   1.17   6.17 
clusters[6] =   4.20   3.59 
clusters[7] =   6.39   1.35 
clusters[8] =   6.94   8.86 
clusters[9] =   8.89   4.44 
clusters[10] =   2.29   4.01 
clusters[11] =   3.90   1.20 
clusters[12] =   4.42   8.73 
clusters[13] =   7.04   6.37 
clusters[14] =   0.78   3.14 
clusters[15] =   1.42   1.05 

~~~~~~~~~~~~~~~~~~~~~~~~~~~~~~~~~~~~~~~~~~~~~~~~~~~~~~~~~~~~~~~~~~~~~~~~~~~~~~~~

dataset_size = 256.00 MB    numObjs = 16777216    numCoords = 2    numClusters = 16, block_size = 64


|-----------Shared GPU Kmeans------------|

t_alloc: 248.212814 ms

t_alloc_gpu: 148.852825 ms

t_get_gpu: 84.935904 ms

		CPU-GPU transfer : 0
		GPU part: 0		GPU-CPU transfer : 0
		CPU transfer : 0
		CPU-GPU transfer : 0
		GPU part: 0		GPU-CPU transfer : -1
		CPU transfer : 0
		CPU-GPU transfer : 0
		GPU part: 0		GPU-CPU transfer : 0
		CPU transfer : 0
		CPU-GPU transfer : 0
		GPU part: 0		GPU-CPU transfer : 0
		CPU transfer : 0
		CPU-GPU transfer : 0
		GPU part: 0		GPU-CPU transfer : 0
		CPU transfer : 0
		CPU-GPU transfer : 0
		GPU part: 0		GPU-CPU transfer : 0
		CPU transfer : 0
		CPU-GPU transfer : 0
		GPU part: 0		GPU-CPU transfer : 0
		CPU transfer : 0
		CPU-GPU transfer : 0
		GPU part: 0		GPU-CPU transfer : 0
		CPU transfer : 0
		CPU-GPU transfer : 0
		GPU part: 0		GPU-CPU transfer : 0
		CPU transfer : 0
		CPU-GPU transfer : 0
		GPU part: 0		GPU-CPU transfer : 0
		CPU transfer : 0
nloops = 10  : total = 824.189901 ms
	-> t_loop_avg = 82.418990 ms
	-> t_loop_min = 80.601931 ms
	-> t_loop_max = 91.490984 ms

|-------------------------------------------|

Final cluster centers:
clusters[0] =   1.53   8.73 
clusters[1] =   3.99   6.31 
clusters[2] =   6.32   4.02 
clusters[3] =   8.79   1.46 
clusters[4] =   9.09   8.15 
clusters[5] =   1.17   6.17 
clusters[6] =   4.20   3.59 
clusters[7] =   6.39   1.35 
clusters[8] =   6.94   8.86 
clusters[9] =   8.89   4.44 
clusters[10] =   2.29   4.01 
clusters[11] =   3.90   1.20 
clusters[12] =   4.42   8.73 
clusters[13] =   7.04   6.37 
clusters[14] =   0.78   3.14 
clusters[15] =   1.42   1.05 

~~~~~~~~~~~~~~~~~~~~~~~~~~~~~~~~~~~~~~~~~~~~~~~~~~~~~~~~~~~~~~~~~~~~~~~~~~~~~~~~

dataset_size = 256.00 MB    numObjs = 16777216    numCoords = 2    numClusters = 16, block_size = 128


|-----------Shared GPU Kmeans------------|

t_alloc: 250.983000 ms

t_alloc_gpu: 131.031990 ms

t_get_gpu: 76.265097 ms

		CPU-GPU transfer : 0
		GPU part: 0		GPU-CPU transfer : 0
		CPU transfer : 0
		CPU-GPU transfer : 0
		GPU part: 0		GPU-CPU transfer : 0
		CPU transfer : 0
		CPU-GPU transfer : 0
		GPU part: 0		GPU-CPU transfer : 0
		CPU transfer : 0
		CPU-GPU transfer : 0
		GPU part: 0		GPU-CPU transfer : 0
		CPU transfer : 0
		CPU-GPU transfer : 0
		GPU part: 0		GPU-CPU transfer : 0
		CPU transfer : 1
		CPU-GPU transfer : 0
		GPU part: 0		GPU-CPU transfer : 0
		CPU transfer : 0
		CPU-GPU transfer : 0
		GPU part: 0		GPU-CPU transfer : 0
		CPU transfer : 0
		CPU-GPU transfer : 0
		GPU part: 0		GPU-CPU transfer : 0
		CPU transfer : 0
		CPU-GPU transfer : 0
		GPU part: 0		GPU-CPU transfer : 0
		CPU transfer : 0
		CPU-GPU transfer : 0
		GPU part: 0		GPU-CPU transfer : 0
		CPU transfer : 0
nloops = 10  : total = 827.421904 ms
	-> t_loop_avg = 82.742190 ms
	-> t_loop_min = 81.498861 ms
	-> t_loop_max = 89.075804 ms

|-------------------------------------------|

Final cluster centers:
clusters[0] =   1.53   8.73 
clusters[1] =   3.99   6.31 
clusters[2] =   6.32   4.02 
clusters[3] =   8.79   1.46 
clusters[4] =   9.09   8.15 
clusters[5] =   1.17   6.17 
clusters[6] =   4.20   3.59 
clusters[7] =   6.39   1.35 
clusters[8] =   6.94   8.86 
clusters[9] =   8.89   4.44 
clusters[10] =   2.29   4.01 
clusters[11] =   3.90   1.20 
clusters[12] =   4.42   8.73 
clusters[13] =   7.04   6.37 
clusters[14] =   0.78   3.14 
clusters[15] =   1.42   1.05 

~~~~~~~~~~~~~~~~~~~~~~~~~~~~~~~~~~~~~~~~~~~~~~~~~~~~~~~~~~~~~~~~~~~~~~~~~~~~~~~~

dataset_size = 256.00 MB    numObjs = 16777216    numCoords = 2    numClusters = 16, block_size = 256


|-----------Shared GPU Kmeans------------|

t_alloc: 248.420954 ms

t_alloc_gpu: 129.214048 ms

t_get_gpu: 75.097799 ms

		CPU-GPU transfer : 0
		GPU part: 0		GPU-CPU transfer : 0
		CPU transfer : 0
		CPU-GPU transfer : 0
		GPU part: 0		GPU-CPU transfer : 0
		CPU transfer : 0
		CPU-GPU transfer : 0
		GPU part: 0		GPU-CPU transfer : 0
		CPU transfer : 0
		CPU-GPU transfer : 0
		GPU part: 0		GPU-CPU transfer : 0
		CPU transfer : 0
		CPU-GPU transfer : 0
		GPU part: 0		GPU-CPU transfer : 0
		CPU transfer : 0
		CPU-GPU transfer : 0
		GPU part: 0		GPU-CPU transfer : 0
		CPU transfer : 0
		CPU-GPU transfer : 0
		GPU part: 0		GPU-CPU transfer : 0
		CPU transfer : 0
		CPU-GPU transfer : 0
		GPU part: 0		GPU-CPU transfer : 0
		CPU transfer : 0
		CPU-GPU transfer : 0
		GPU part: 0		GPU-CPU transfer : 0
		CPU transfer : 0
		CPU-GPU transfer : 0
		GPU part: 0		GPU-CPU transfer : 0
		CPU transfer : 0
nloops = 10  : total = 818.245888 ms
	-> t_loop_avg = 81.824589 ms
	-> t_loop_min = 80.546856 ms
	-> t_loop_max = 88.562012 ms

|-------------------------------------------|

Final cluster centers:
clusters[0] =   1.53   8.73 
clusters[1] =   3.99   6.31 
clusters[2] =   6.32   4.02 
clusters[3] =   8.79   1.46 
clusters[4] =   9.09   8.15 
clusters[5] =   1.17   6.17 
clusters[6] =   4.20   3.59 
clusters[7] =   6.39   1.35 
clusters[8] =   6.94   8.86 
clusters[9] =   8.89   4.44 
clusters[10] =   2.29   4.01 
clusters[11] =   3.90   1.20 
clusters[12] =   4.42   8.73 
clusters[13] =   7.04   6.37 
clusters[14] =   0.78   3.14 
clusters[15] =   1.42   1.05 

~~~~~~~~~~~~~~~~~~~~~~~~~~~~~~~~~~~~~~~~~~~~~~~~~~~~~~~~~~~~~~~~~~~~~~~~~~~~~~~~

dataset_size = 256.00 MB    numObjs = 16777216    numCoords = 2    numClusters = 16, block_size = 512


|-----------Shared GPU Kmeans------------|

t_alloc: 246.012926 ms

t_alloc_gpu: 128.664017 ms

t_get_gpu: 74.921131 ms

		CPU-GPU transfer : 0
		GPU part: 0		GPU-CPU transfer : 0
		CPU transfer : 0
		CPU-GPU transfer : 0
		GPU part: 0		GPU-CPU transfer : -1
		CPU transfer : 0
		CPU-GPU transfer : 0
		GPU part: 0		GPU-CPU transfer : 0
		CPU transfer : 0
		CPU-GPU transfer : 0
		GPU part: 0		GPU-CPU transfer : 0
		CPU transfer : 0
		CPU-GPU transfer : 0
		GPU part: 0		GPU-CPU transfer : 0
		CPU transfer : 0
		CPU-GPU transfer : 0
		GPU part: 0		GPU-CPU transfer : 0
		CPU transfer : 0
		CPU-GPU transfer : 0
		GPU part: 0		GPU-CPU transfer : 0
		CPU transfer : 0
		CPU-GPU transfer : 0
		GPU part: 0		GPU-CPU transfer : 0
		CPU transfer : 0
		CPU-GPU transfer : 0
		GPU part: 0		GPU-CPU transfer : 0
		CPU transfer : 0
		CPU-GPU transfer : 0
		GPU part: 0		GPU-CPU transfer : 0
		CPU transfer : 0
nloops = 10  : total = 821.120977 ms
	-> t_loop_avg = 82.112098 ms
	-> t_loop_min = 80.752134 ms
	-> t_loop_max = 88.613987 ms

|-------------------------------------------|

Final cluster centers:
clusters[0] =   1.53   8.73 
clusters[1] =   3.99   6.31 
clusters[2] =   6.32   4.02 
clusters[3] =   8.79   1.46 
clusters[4] =   9.09   8.15 
clusters[5] =   1.17   6.17 
clusters[6] =   4.20   3.59 
clusters[7] =   6.39   1.35 
clusters[8] =   6.94   8.86 
clusters[9] =   8.89   4.44 
clusters[10] =   2.29   4.01 
clusters[11] =   3.90   1.20 
clusters[12] =   4.42   8.73 
clusters[13] =   7.04   6.37 
clusters[14] =   0.78   3.14 
clusters[15] =   1.42   1.05 

~~~~~~~~~~~~~~~~~~~~~~~~~~~~~~~~~~~~~~~~~~~~~~~~~~~~~~~~~~~~~~~~~~~~~~~~~~~~~~~~

dataset_size = 256.00 MB    numObjs = 16777216    numCoords = 2    numClusters = 16, block_size = 1024


|-----------Shared GPU Kmeans------------|

t_alloc: 249.013901 ms

t_alloc_gpu: 128.075838 ms

t_get_gpu: 75.111151 ms

		CPU-GPU transfer : 0
		GPU part: 0		GPU-CPU transfer : 0
		CPU transfer : 0
		CPU-GPU transfer : 0
		GPU part: 0		GPU-CPU transfer : 0
		CPU transfer : 0
		CPU-GPU transfer : 0
		GPU part: 0		GPU-CPU transfer : 0
		CPU transfer : 0
		CPU-GPU transfer : 0
		GPU part: 0		GPU-CPU transfer : 0
		CPU transfer : 0
		CPU-GPU transfer : 0
		GPU part: 0		GPU-CPU transfer : 0
		CPU transfer : 1
		CPU-GPU transfer : 0
		GPU part: 0		GPU-CPU transfer : 0
		CPU transfer : 0
		CPU-GPU transfer : 0
		GPU part: 0		GPU-CPU transfer : 0
		CPU transfer : 0
		CPU-GPU transfer : 0
		GPU part: 0		GPU-CPU transfer : 0
		CPU transfer : 0
		CPU-GPU transfer : 0
		GPU part: 0		GPU-CPU transfer : 0
		CPU transfer : 0
		CPU-GPU transfer : 0
		GPU part: 0		GPU-CPU transfer : 0
		CPU transfer : 0
nloops = 10  : total = 819.774151 ms
	-> t_loop_avg = 81.977415 ms
	-> t_loop_min = 80.648899 ms
	-> t_loop_max = 89.207172 ms

|-------------------------------------------|

Final cluster centers:
clusters[0] =   1.53   8.73 
clusters[1] =   3.99   6.31 
clusters[2] =   6.32   4.02 
clusters[3] =   8.79   1.46 
clusters[4] =   9.09   8.15 
clusters[5] =   1.17   6.17 
clusters[6] =   4.20   3.59 
clusters[7] =   6.39   1.35 
clusters[8] =   6.94   8.86 
clusters[9] =   8.89   4.44 
clusters[10] =   2.29   4.01 
clusters[11] =   3.90   1.20 
clusters[12] =   4.42   8.73 
clusters[13] =   7.04   6.37 
clusters[14] =   0.78   3.14 
clusters[15] =   1.42   1.05 
